<?xml version="1.0" encoding="UTF-8"?>
<testng-results ignored="0" total="1" passed="1" failed="0" skipped="0">
  <reporter-output>
  </reporter-output>
  <suite started-at="2021-01-15T11:36:42 CST" name="Surefire suite" finished-at="2021-01-15T11:36:54 CST" duration-ms="12143">
    <groups>
    </groups>
    <test started-at="2021-01-15T11:36:42 CST" name="Surefire test" finished-at="2021-01-15T11:36:54 CST" duration-ms="12143">
      <class name="yunuso.Maven01.TestLanding">
        <test-method is-config="true" signature="beforeTest()[pri:0, instance:yunuso.Maven01.TestLanding@70e38ce1]" started-at="2021-01-15T11:36:42 CST" name="beforeTest" finished-at="2021-01-15T11:36:52 CST" duration-ms="10760" status="PASS">
          <reporter-output>
          </reporter-output>
        </test-method> <!-- beforeTest -->
        <test-method signature="testBase(java.lang.String, java.lang.String)[pri:0, instance:yunuso.Maven01.TestLanding@70e38ce1]" started-at="2021-01-15T11:36:52 CST" name="testBase" data-provider="getData" finished-at="2021-01-15T11:36:54 CST" duration-ms="1127" status="PASS">
          <params>
            <param index="0">
              <value>
                <![CDATA[Elif Burcum]]>
              </value>
            </param>
            <param index="1">
              <value>
                <![CDATA[12345]]>
              </value>
            </param>
          </params>
          <reporter-output>
          </reporter-output>
        </test-method> <!-- testBase -->
        <test-method is-config="true" signature="afterTest()[pri:0, instance:yunuso.Maven01.TestLanding@70e38ce1]" started-at="2021-01-15T11:36:54 CST" name="afterTest" finished-at="2021-01-15T11:36:54 CST" duration-ms="220" status="PASS">
          <reporter-output>
          </reporter-output>
        </test-method> <!-- afterTest -->
      </class> <!-- yunuso.Maven01.TestLanding -->
    </test> <!-- Surefire test -->
  </suite> <!-- Surefire suite -->
</testng-results>
