<?xml version="1.0" encoding="UTF-8"?>
<testng-results ignored="0" total="0" passed="0" failed="0" skipped="0">
  <reporter-output>
  </reporter-output>
  <suite started-at="2021-01-22T13:56:55 CST" name="Suite" finished-at="2021-01-22T13:56:55 CST" duration-ms="285">
    <groups>
      <group name="cucumber">
        <method signature="AbstractTestNGCucumberTests.runScenario(io.cucumber.testng.PickleWrapper, io.cucumber.testng.FeatureWrapper)[pri:0, instance:cucumberTestRunner.TestRunner@f09733f]" name="runScenario" class="io.cucumber.testng.AbstractTestNGCucumberTests"/>
      </group> <!-- cucumber -->
    </groups>
    <test started-at="2021-01-22T13:56:55 CST" name="Test" finished-at="2021-01-22T13:56:55 CST" duration-ms="285">
      <class name="cucumberTestRunner.TestRunner">
        <test-method is-config="true" signature="setUpClass()[pri:0, instance:cucumberTestRunner.TestRunner@f09733f]" started-at="2021-01-22T13:56:55 CST" name="setUpClass" finished-at="2021-01-22T13:56:55 CST" duration-ms="246" status="PASS">
          <reporter-output>
          </reporter-output>
        </test-method> <!-- setUpClass -->
        <test-method is-config="true" signature="tearDownClass()[pri:0, instance:cucumberTestRunner.TestRunner@f09733f]" started-at="2021-01-22T13:56:55 CST" name="tearDownClass" finished-at="2021-01-22T13:56:55 CST" duration-ms="11" status="PASS">
          <reporter-output>
          </reporter-output>
        </test-method> <!-- tearDownClass -->
      </class> <!-- cucumberTestRunner.TestRunner -->
    </test> <!-- Test -->
  </suite> <!-- Suite -->
</testng-results>
